{"/Users/polinacusko/Documents/frontend-project-46/src/index.js": {"path":"/Users/polinacusko/Documents/frontend-project-46/src/index.js","statementMap":{"0":{"start":{"line":5,"column":19},"end":{"line":9,"column":1}},"1":{"start":{"line":6,"column":17},"end":{"line":6,"column":76}},"2":{"start":{"line":8,"column":2},"end":{"line":8,"column":16}},"3":{"start":{"line":11,"column":16},"end":{"line":74,"column":1}},"4":{"start":{"line":12,"column":18},"end":{"line":12,"column":39}},"5":{"start":{"line":13,"column":18},"end":{"line":13,"column":39}},"6":{"start":{"line":15,"column":28},"end":{"line":15,"column":48}},"7":{"start":{"line":16,"column":29},"end":{"line":16,"column":49}},"8":{"start":{"line":17,"column":20},"end":{"line":17,"column":66}},"9":{"start":{"line":19,"column":16},"end":{"line":21,"column":64}},"10":{"start":{"line":20,"column":21},"end":{"line":20,"column":49}},"11":{"start":{"line":21,"column":18},"end":{"line":21,"column":63}},"12":{"start":{"line":23,"column":18},"end":{"line":25,"column":66}},"13":{"start":{"line":24,"column":21},"end":{"line":24,"column":49}},"14":{"start":{"line":25,"column":18},"end":{"line":25,"column":65}},"15":{"start":{"line":27,"column":20},"end":{"line":29,"column":68}},"16":{"start":{"line":28,"column":21},"end":{"line":28,"column":81}},"17":{"start":{"line":29,"column":18},"end":{"line":29,"column":67}},"18":{"start":{"line":31,"column":18},"end":{"line":33,"column":89}},"19":{"start":{"line":32,"column":21},"end":{"line":32,"column":81}},"20":{"start":{"line":33,"column":18},"end":{"line":33,"column":88}},"21":{"start":{"line":35,"column":18},"end":{"line":35,"column":66}},"22":{"start":{"line":36,"column":26},"end":{"line":36,"column":45}},"23":{"start":{"line":37,"column":17},"end":{"line":37,"column":52}},"24":{"start":{"line":39,"column":20},"end":{"line":71,"column":3}},"25":{"start":{"line":40,"column":17},"end":{"line":69,"column":5}},"26":{"start":{"line":41,"column":6},"end":{"line":43,"column":7}},"27":{"start":{"line":42,"column":8},"end":{"line":42,"column":33}},"28":{"start":{"line":45,"column":25},"end":{"line":45,"column":44}},"29":{"start":{"line":46,"column":28},"end":{"line":46,"column":55}},"30":{"start":{"line":47,"column":28},"end":{"line":47,"column":69}},"31":{"start":{"line":48,"column":20},"end":{"line":63,"column":10}},"32":{"start":{"line":51,"column":10},"end":{"line":62,"column":11}},"33":{"start":{"line":53,"column":14},"end":{"line":53,"column":79}},"34":{"start":{"line":55,"column":14},"end":{"line":55,"column":79}},"35":{"start":{"line":57,"column":14},"end":{"line":57,"column":79}},"36":{"start":{"line":59,"column":14},"end":{"line":59,"column":138}},"37":{"start":{"line":61,"column":14},"end":{"line":61,"column":56}},"38":{"start":{"line":64,"column":6},"end":{"line":68,"column":19}},"39":{"start":{"line":70,"column":4},"end":{"line":70,"column":26}},"40":{"start":{"line":73,"column":2},"end":{"line":73,"column":27}}},"fnMap":{"0":{"name":"(anonymous_0)","decl":{"start":{"line":5,"column":19},"end":{"line":5,"column":20}},"loc":{"start":{"line":5,"column":33},"end":{"line":9,"column":1}},"line":5},"1":{"name":"(anonymous_1)","decl":{"start":{"line":11,"column":16},"end":{"line":11,"column":17}},"loc":{"start":{"line":11,"column":42},"end":{"line":74,"column":1}},"line":11},"2":{"name":"(anonymous_2)","decl":{"start":{"line":20,"column":12},"end":{"line":20,"column":13}},"loc":{"start":{"line":20,"column":21},"end":{"line":20,"column":49}},"line":20},"3":{"name":"(anonymous_3)","decl":{"start":{"line":21,"column":9},"end":{"line":21,"column":10}},"loc":{"start":{"line":21,"column":18},"end":{"line":21,"column":63}},"line":21},"4":{"name":"(anonymous_4)","decl":{"start":{"line":24,"column":12},"end":{"line":24,"column":13}},"loc":{"start":{"line":24,"column":21},"end":{"line":24,"column":49}},"line":24},"5":{"name":"(anonymous_5)","decl":{"start":{"line":25,"column":9},"end":{"line":25,"column":10}},"loc":{"start":{"line":25,"column":18},"end":{"line":25,"column":65}},"line":25},"6":{"name":"(anonymous_6)","decl":{"start":{"line":28,"column":12},"end":{"line":28,"column":13}},"loc":{"start":{"line":28,"column":21},"end":{"line":28,"column":81}},"line":28},"7":{"name":"(anonymous_7)","decl":{"start":{"line":29,"column":9},"end":{"line":29,"column":10}},"loc":{"start":{"line":29,"column":18},"end":{"line":29,"column":67}},"line":29},"8":{"name":"(anonymous_8)","decl":{"start":{"line":32,"column":12},"end":{"line":32,"column":13}},"loc":{"start":{"line":32,"column":21},"end":{"line":32,"column":81}},"line":32},"9":{"name":"(anonymous_9)","decl":{"start":{"line":33,"column":9},"end":{"line":33,"column":10}},"loc":{"start":{"line":33,"column":18},"end":{"line":33,"column":88}},"line":33},"10":{"name":"(anonymous_10)","decl":{"start":{"line":39,"column":20},"end":{"line":39,"column":21}},"loc":{"start":{"line":39,"column":64},"end":{"line":71,"column":3}},"line":39},"11":{"name":"(anonymous_11)","decl":{"start":{"line":40,"column":17},"end":{"line":40,"column":18}},"loc":{"start":{"line":40,"column":42},"end":{"line":69,"column":5}},"line":40},"12":{"name":"(anonymous_12)","decl":{"start":{"line":50,"column":13},"end":{"line":50,"column":14}},"loc":{"start":{"line":50,"column":29},"end":{"line":63,"column":9}},"line":50}},"branchMap":{"0":{"loc":{"start":{"line":28,"column":21},"end":{"line":28,"column":81}},"type":"binary-expr","locations":[{"start":{"line":28,"column":21},"end":{"line":28,"column":48}},{"start":{"line":28,"column":52},"end":{"line":28,"column":81}}],"line":28},"1":{"loc":{"start":{"line":32,"column":21},"end":{"line":32,"column":81}},"type":"binary-expr","locations":[{"start":{"line":32,"column":21},"end":{"line":32,"column":48}},{"start":{"line":32,"column":52},"end":{"line":32,"column":81}}],"line":32},"2":{"loc":{"start":{"line":39,"column":28},"end":{"line":39,"column":42}},"type":"default-arg","locations":[{"start":{"line":39,"column":39},"end":{"line":39,"column":42}}],"line":39},"3":{"loc":{"start":{"line":39,"column":44},"end":{"line":39,"column":59}},"type":"default-arg","locations":[{"start":{"line":39,"column":58},"end":{"line":39,"column":59}}],"line":39},"4":{"loc":{"start":{"line":41,"column":6},"end":{"line":43,"column":7}},"type":"if","locations":[{"start":{"line":41,"column":6},"end":{"line":43,"column":7}},{"start":{},"end":{}}],"line":41},"5":{"loc":{"start":{"line":51,"column":10},"end":{"line":62,"column":11}},"type":"switch","locations":[{"start":{"line":52,"column":12},"end":{"line":53,"column":79}},{"start":{"line":54,"column":12},"end":{"line":55,"column":79}},{"start":{"line":56,"column":12},"end":{"line":57,"column":79}},{"start":{"line":58,"column":12},"end":{"line":59,"column":138}},{"start":{"line":60,"column":12},"end":{"line":61,"column":56}}],"line":51}},"s":{"0":1,"1":2,"2":2,"3":1,"4":1,"5":1,"6":1,"7":1,"8":1,"9":1,"10":5,"11":1,"12":1,"13":5,"14":2,"15":1,"16":5,"17":1,"18":1,"19":4,"20":1,"21":1,"22":1,"23":1,"24":1,"25":1,"26":7,"27":6,"28":1,"29":1,"30":1,"31":1,"32":5,"33":1,"34":2,"35":1,"36":1,"37":0,"38":1,"39":1,"40":1},"f":{"0":2,"1":1,"2":5,"3":1,"4":5,"5":2,"6":5,"7":1,"8":4,"9":1,"10":1,"11":7,"12":5},"b":{"0":[5,3],"1":[4,2],"2":[1],"3":[1],"4":[6,1],"5":[1,2,1,1,0]},"_coverageSchema":"1a1c01bbd47fc00a2c39e90264f33305004495a9","hash":"10d876d75514c373fa4af479bc4128dbe9c81e0c"}
}
