TN:
SF:src/index.js
FN:5,(anonymous_0)
FN:11,(anonymous_1)
FN:20,(anonymous_2)
FN:21,(anonymous_3)
FN:24,(anonymous_4)
FN:25,(anonymous_5)
FN:28,(anonymous_6)
FN:29,(anonymous_7)
FN:32,(anonymous_8)
FN:33,(anonymous_9)
FN:39,(anonymous_10)
FN:40,(anonymous_11)
FN:50,(anonymous_12)
FNF:13
FNH:13
FNDA:2,(anonymous_0)
FNDA:1,(anonymous_1)
FNDA:5,(anonymous_2)
FNDA:1,(anonymous_3)
FNDA:5,(anonymous_4)
FNDA:2,(anonymous_5)
FNDA:5,(anonymous_6)
FNDA:1,(anonymous_7)
FNDA:4,(anonymous_8)
FNDA:1,(anonymous_9)
FNDA:1,(anonymous_10)
FNDA:7,(anonymous_11)
FNDA:5,(anonymous_12)
DA:5,1
DA:6,2
DA:8,2
DA:11,1
DA:12,1
DA:13,1
DA:15,1
DA:16,1
DA:17,1
DA:19,1
DA:20,5
DA:21,1
DA:23,1
DA:24,5
DA:25,2
DA:27,1
DA:28,5
DA:29,1
DA:31,1
DA:32,4
DA:33,1
DA:35,1
DA:36,1
DA:37,1
DA:39,1
DA:40,1
DA:41,7
DA:42,6
DA:45,1
DA:46,1
DA:47,1
DA:48,1
DA:51,5
DA:53,1
DA:55,2
DA:57,1
DA:59,1
DA:61,0
DA:64,1
DA:70,1
DA:73,1
LF:41
LH:40
BRDA:28,0,0,5
BRDA:28,0,1,3
BRDA:32,1,0,4
BRDA:32,1,1,2
BRDA:39,2,0,1
BRDA:39,3,0,1
BRDA:41,4,0,6
BRDA:41,4,1,1
BRDA:51,5,0,1
BRDA:51,5,1,2
BRDA:51,5,2,1
BRDA:51,5,3,1
BRDA:51,5,4,0
BRF:13
BRH:12
end_of_record
